[FATAL] 2022-04-13 01:41:14.061 [Thread-0] Server - IOException occurred
[FATAL] 2022-04-13 01:41:14.141 [Thread-0] Server - IOException occurred
[FATAL] 2022-04-13 01:41:14.150 [Thread-0] Server - IOException occurred
[FATAL] 2022-04-13 01:41:14.152 [Thread-0] Server - IOException occurred
[FATAL] 2022-04-13 01:41:14.152 [Thread-0] Server - IOException occurred
[FATAL] 2022-04-13 01:41:14.152 [Thread-0] Server - IOException occurred
[FATAL] 2022-04-13 01:41:14.152 [Thread-0] Server - IOException occurred
[FATAL] 2022-04-13 01:41:14.160 [Thread-0] Server - IOException occurred
[FATAL] 2022-04-13 01:41:14.162 [Thread-0] Server - IOException occurred
[FATAL] 2022-04-13 01:41:14.162 [Thread-0] Server - IOException occurred
[INFO ] 2022-04-13 01:41:56.383 [main] Server - Server has started!!!
[INFO ] 2022-04-13 01:42:15.595 [main] Server - Server is starting a thread for a Client
[INFO ] 2022-04-13 01:42:51.282 [Thread-0] SessionFactoryBuilder - Session established
[INFO ] 2022-04-13 01:42:52.385 [Thread-0] Employee - Employee authenticated
[INFO ] 2022-04-13 01:42:52.454 [Thread-0] Employee - Employee read
[INFO ] 2022-04-13 01:42:52.454 [Thread-0] Server - Employee Authenticated
[INFO ] 2022-04-13 01:42:52.485 [Thread-0] Employee - Employee read
[INFO ] 2022-04-13 01:42:52.485 [Thread-0] Server - Employee is not a Technician
[INFO ] 2022-04-13 01:42:57.732 [Thread-0] Complaint - All Complaints read
[INFO ] 2022-04-13 01:42:57.785 [Thread-0] DBConnectorFactory - Connection established
[INFO ] 2022-04-13 01:42:57.864 [Thread-0] CustomerPhone - All records in CustomerPhone Table read
[INFO ] 2022-04-13 01:42:58.013 [Thread-0] DBConnectorFactory - Connection established
[INFO ] 2022-04-13 01:42:58.082 [Thread-0] CustomerEmail - All records in CustomerEmail Table read
[INFO ] 2022-04-13 01:42:58.098 [Thread-0] Customer - Customer read
[INFO ] 2022-04-13 01:42:58.114 [Thread-0] Customer - Customer read
[INFO ] 2022-04-13 01:42:58.129 [Thread-0] Customer - Customer read
[INFO ] 2022-04-13 01:42:58.183 [Thread-0] Server - Internet Complaints fetched successfully
[INFO ] 2022-04-13 01:42:58.229 [Thread-0] Complaint - All Complaints read
[INFO ] 2022-04-13 01:42:58.245 [Thread-0] DBConnectorFactory - Connection established
[INFO ] 2022-04-13 01:42:58.252 [Thread-0] CustomerPhone - All records in CustomerPhone Table read
[INFO ] 2022-04-13 01:42:58.264 [Thread-0] DBConnectorFactory - Connection established
[INFO ] 2022-04-13 01:42:58.264 [Thread-0] CustomerEmail - All records in CustomerEmail Table read
[INFO ] 2022-04-13 01:42:58.294 [Thread-0] Customer - Customer read
[INFO ] 2022-04-13 01:42:58.304 [Thread-0] Server - Cable Complaints fetched successfully
[INFO ] 2022-04-13 01:42:58.345 [Thread-0] Complaint - All Complaints read
[INFO ] 2022-04-13 01:42:58.355 [Thread-0] DBConnectorFactory - Connection established
[INFO ] 2022-04-13 01:42:58.355 [Thread-0] CustomerPhone - All records in CustomerPhone Table read
[INFO ] 2022-04-13 01:42:58.365 [Thread-0] DBConnectorFactory - Connection established
[INFO ] 2022-04-13 01:42:58.365 [Thread-0] CustomerEmail - All records in CustomerEmail Table read
[INFO ] 2022-04-13 01:42:58.385 [Thread-0] Customer - Customer read
[INFO ] 2022-04-13 01:42:58.395 [Thread-0] Customer - Customer read
[INFO ] 2022-04-13 01:42:58.413 [Thread-0] Server - Payment Complaints fetched successfully
[INFO ] 2022-04-13 01:42:58.446 [Thread-0] Complaint - All Complaints read
[INFO ] 2022-04-13 01:42:58.456 [Thread-0] DBConnectorFactory - Connection established
[INFO ] 2022-04-13 01:42:58.456 [Thread-0] CustomerPhone - All records in CustomerPhone Table read
[INFO ] 2022-04-13 01:42:58.466 [Thread-0] DBConnectorFactory - Connection established
[INFO ] 2022-04-13 01:42:58.466 [Thread-0] CustomerEmail - All records in CustomerEmail Table read
[INFO ] 2022-04-13 01:42:58.496 [Thread-0] Customer - Customer read
[INFO ] 2022-04-13 01:42:58.506 [Thread-0] Server - Other Complaints fetched successfully
[INFO ] 2022-04-13 01:42:58.747 [Thread-0] Complaint - All Complaints read
[INFO ] 2022-04-13 01:42:58.747 [Thread-0] Server - Number of resolved and unresolved complaints calculated successfully
[INFO ] 2022-04-13 01:42:58.794 [Thread-0] Complaint - All Complaints read
[INFO ] 2022-04-13 01:42:58.794 [Thread-0] Server - Number of resolved and unresolved complaints calculated successfully
